0 info it worked if it ends with ok
1 verbose cli [ 'node', '/usr/local/bin/npm', 'install', 'handlebars@1.3', '-g' ]
2 info using npm@1.4.28
3 info using node@v0.10.34
4 verbose cache add [ 'handlebars@1.3', null ]
5 verbose cache add name=undefined spec="handlebars@1.3" args=["handlebars@1.3",null]
6 verbose parsed url { protocol: null,
6 verbose parsed url   slashes: null,
6 verbose parsed url   auth: null,
6 verbose parsed url   host: null,
6 verbose parsed url   port: null,
6 verbose parsed url   hostname: null,
6 verbose parsed url   hash: null,
6 verbose parsed url   search: null,
6 verbose parsed url   query: null,
6 verbose parsed url   pathname: 'handlebars@1.3',
6 verbose parsed url   path: 'handlebars@1.3',
6 verbose parsed url   href: 'handlebars@1.3' }
7 verbose cache add name="handlebars" spec="1.3" args=["handlebars","1.3"]
8 verbose parsed url { protocol: null,
8 verbose parsed url   slashes: null,
8 verbose parsed url   auth: null,
8 verbose parsed url   host: null,
8 verbose parsed url   port: null,
8 verbose parsed url   hostname: null,
8 verbose parsed url   hash: null,
8 verbose parsed url   search: null,
8 verbose parsed url   query: null,
8 verbose parsed url   pathname: '1.3',
8 verbose parsed url   path: '1.3',
8 verbose parsed url   href: '1.3' }
9 verbose addNamed [ 'handlebars', '1.3' ]
10 verbose addNamed [ null, '>=1.3.0-0 <1.4.0-0' ]
11 silly lockFile fb2afea6-handlebars-1-3 handlebars@1.3
12 verbose lock handlebars@1.3 /Users/flawed/.npm/fb2afea6-handlebars-1-3.lock
13 silly addNameRange { name: 'handlebars',
13 silly addNameRange   range: '>=1.3.0-0 <1.4.0-0',
13 silly addNameRange   hasData: false }
14 verbose request where is /handlebars
15 verbose request registry https://registry.npmjs.org/
16 verbose request id 7029a9a0bd0c8857
17 verbose url raw /handlebars
18 verbose url resolving [ 'https://registry.npmjs.org/', './handlebars' ]
19 verbose url resolved https://registry.npmjs.org/handlebars
20 verbose request where is https://registry.npmjs.org/handlebars
21 info trying registry request attempt 1 at 10:38:54
22 verbose etag "AJQPXX45KN64EMGISYUIVAQHQ"
23 http GET https://registry.npmjs.org/handlebars
24 http 304 https://registry.npmjs.org/handlebars
25 silly registry.get cb [ 304,
25 silly registry.get   { date: 'Fri, 19 Dec 2014 10:38:53 GMT',
25 silly registry.get     server: 'Apache',
25 silly registry.get     via: '1.1 varnish',
25 silly registry.get     'last-modified': 'Fri, 19 Dec 2014 10:38:53 GMT',
25 silly registry.get     'cache-control': 'max-age=60',
25 silly registry.get     etag: '"AJQPXX45KN64EMGISYUIVAQHQ"',
25 silly registry.get     age: '30',
25 silly registry.get     'x-served-by': 'cache-fra1238-FRA',
25 silly registry.get     'x-cache': 'HIT',
25 silly registry.get     'x-cache-hits': '1',
25 silly registry.get     'x-timer': 'S1418985533.675463,VS0,VE0',
25 silly registry.get     vary: 'Accept',
25 silly registry.get     'content-length': '0',
25 silly registry.get     'keep-alive': 'timeout=10, max=50',
25 silly registry.get     connection: 'Keep-Alive' } ]
26 verbose etag https://registry.npmjs.org/handlebars from cache
27 silly addNameRange number 2 { name: 'handlebars',
27 silly addNameRange   range: '>=1.3.0-0 <1.4.0-0',
27 silly addNameRange   hasData: true }
28 silly addNameRange versions [ 'handlebars',
28 silly addNameRange   [ '1.0.6',
28 silly addNameRange     '1.0.6-2',
28 silly addNameRange     '1.0.7',
28 silly addNameRange     '1.0.8',
28 silly addNameRange     '1.0.9',
28 silly addNameRange     '1.0.10',
28 silly addNameRange     '1.0.11',
28 silly addNameRange     '1.0.12',
28 silly addNameRange     '1.1.0',
28 silly addNameRange     '1.1.1',
28 silly addNameRange     '1.1.2',
28 silly addNameRange     '1.2.0',
28 silly addNameRange     '1.2.1',
28 silly addNameRange     '1.3.0',
28 silly addNameRange     '2.0.0-alpha.1',
28 silly addNameRange     '2.0.0-alpha.2',
28 silly addNameRange     '2.0.0-alpha.3',
28 silly addNameRange     '2.0.0-alpha.4',
28 silly addNameRange     '2.0.0-beta.1',
28 silly addNameRange     '2.0.0',
28 silly addNameRange     '1.0.2-beta',
28 silly addNameRange     '1.0.4-beta',
28 silly addNameRange     '1.0.5-beta' ] ]
29 verbose addNamed [ 'handlebars', '1.3.0' ]
30 verbose addNamed [ '1.3.0', '1.3.0' ]
31 silly lockFile 15405714-handlebars-1-3-0 handlebars@1.3.0
32 verbose lock handlebars@1.3.0 /Users/flawed/.npm/15405714-handlebars-1-3-0.lock
33 silly lockFile 3cbc4fe2--handlebars-handlebars-1-3-0-tgz https://registry.npmjs.org/handlebars/-/handlebars-1.3.0.tgz
34 verbose lock https://registry.npmjs.org/handlebars/-/handlebars-1.3.0.tgz /Users/flawed/.npm/3cbc4fe2--handlebars-handlebars-1-3-0-tgz.lock
35 verbose addRemoteTarball [ 'https://registry.npmjs.org/handlebars/-/handlebars-1.3.0.tgz',
35 verbose addRemoteTarball   '9e9b130a93e389491322d975cf3ec1818c37ce34' ]
36 info retry fetch attempt 1 at 10:38:54
37 verbose fetch to= /var/folders/hk/zbc7t2xj2y3b_665n3nw19dw0000gn/T/npm-2527-ZkqADi5b/registry.npmjs.org/handlebars/-/handlebars-1.3.0.tgz
38 http GET https://registry.npmjs.org/handlebars/-/handlebars-1.3.0.tgz
39 http 200 https://registry.npmjs.org/handlebars/-/handlebars-1.3.0.tgz
40 silly lockFile 3cbc4fe2--handlebars-handlebars-1-3-0-tgz https://registry.npmjs.org/handlebars/-/handlebars-1.3.0.tgz
41 silly lockFile 3cbc4fe2--handlebars-handlebars-1-3-0-tgz https://registry.npmjs.org/handlebars/-/handlebars-1.3.0.tgz
42 silly lockFile 15405714-handlebars-1-3-0 handlebars@1.3.0
43 silly lockFile 15405714-handlebars-1-3-0 handlebars@1.3.0
44 silly lockFile fb2afea6-handlebars-1-3 handlebars@1.3
45 silly lockFile fb2afea6-handlebars-1-3 handlebars@1.3
46 silly resolved [ { name: 'handlebars',
46 silly resolved     barename: 'handlebars',
46 silly resolved     version: '1.3.0',
46 silly resolved     description: 'Handlebars provides the power necessary to let you build semantic templates effectively with no frustration',
46 silly resolved     homepage: 'http://www.handlebarsjs.com/',
46 silly resolved     keywords: [ 'handlebars', 'mustache', 'template', 'html' ],
46 silly resolved     repository:
46 silly resolved      { type: 'git',
46 silly resolved        url: 'https://github.com/wycats/handlebars.js.git' },
46 silly resolved     author: { name: 'Yehuda Katz' },
46 silly resolved     license: 'MIT',
46 silly resolved     engines: { node: '>=0.4.7' },
46 silly resolved     dependencies: { optimist: '~0.3', 'uglify-js': '~2.3' },
46 silly resolved     optionalDependencies: { 'uglify-js': '~2.3' },
46 silly resolved     devDependencies:
46 silly resolved      { async: '~0.2.9',
46 silly resolved        'aws-sdk': '~1.5.0',
46 silly resolved        benchmark: '~1.0',
46 silly resolved        'dustjs-linkedin': '~2.0.2',
46 silly resolved        eco: '~1.1.0-rc-3',
46 silly resolved        grunt: '~0.4.1',
46 silly resolved        'grunt-cli': '~0.1.10',
46 silly resolved        'grunt-contrib-clean': '~0.4.1',
46 silly resolved        'grunt-contrib-concat': '~0.3.0',
46 silly resolved        'grunt-contrib-connect': '~0.5.0',
46 silly resolved        'grunt-contrib-copy': '~0.4.1',
46 silly resolved        'grunt-contrib-jshint': '0.x',
46 silly resolved        'grunt-contrib-requirejs': '~0.4.1',
46 silly resolved        'grunt-contrib-uglify': '~0.2.2',
46 silly resolved        'grunt-contrib-watch': '~0.5.3',
46 silly resolved        'grunt-saucelabs': '~4.1.2',
46 silly resolved        'es6-module-packager': '0.x',
46 silly resolved        jison: '~0.3.0',
46 silly resolved        'keen.io': '0.0.3',
46 silly resolved        mocha: '*',
46 silly resolved        mustache: '~0.7.2',
46 silly resolved        semver: '~2.1.0',
46 silly resolved        underscore: '~1.5.1' },
46 silly resolved     main: 'lib/index.js',
46 silly resolved     bin: { handlebars: 'bin/handlebars' },
46 silly resolved     scripts: { test: 'grunt' },
46 silly resolved     bugs: { url: 'https://github.com/wycats/handlebars.js/issues' },
46 silly resolved     _id: 'handlebars@1.3.0',
46 silly resolved     dist:
46 silly resolved      { shasum: '9e9b130a93e389491322d975cf3ec1818c37ce34',
46 silly resolved        tarball: 'http://registry.npmjs.org/handlebars/-/handlebars-1.3.0.tgz' },
46 silly resolved     _from: 'handlebars@1.3',
46 silly resolved     _npmVersion: '1.3.11',
46 silly resolved     _npmUser: { name: 'kpdecker', email: 'kpdecker@gmail.com' },
46 silly resolved     maintainers: [ [Object] ],
46 silly resolved     directories: {},
46 silly resolved     _shasum: '9e9b130a93e389491322d975cf3ec1818c37ce34',
46 silly resolved     _resolved: 'https://registry.npmjs.org/handlebars/-/handlebars-1.3.0.tgz' } ]
47 info install handlebars@1.3.0 into /usr/local/lib
48 info installOne handlebars@1.3.0
49 verbose lib/node_modules/handlebars unbuild
50 verbose tar unpack /Users/flawed/.npm/handlebars/1.3.0/package.tgz
51 silly lockFile 483b433f-ocal-lib-node-modules-handlebars tar:///usr/local/lib/node_modules/handlebars
52 verbose lock tar:///usr/local/lib/node_modules/handlebars /Users/flawed/.npm/483b433f-ocal-lib-node-modules-handlebars.lock
53 silly lockFile 91b5151a-npm-handlebars-1-3-0-package-tgz tar:///Users/flawed/.npm/handlebars/1.3.0/package.tgz
54 verbose lock tar:///Users/flawed/.npm/handlebars/1.3.0/package.tgz /Users/flawed/.npm/91b5151a-npm-handlebars-1-3-0-package-tgz.lock
55 silly gunzTarPerm modes [ '755', '644' ]
56 error Error: EACCES, mkdir '/usr/local/lib/node_modules/handlebars'
56 error  { [Error: EACCES, mkdir '/usr/local/lib/node_modules/handlebars']
56 error   errno: 3,
56 error   code: 'EACCES',
56 error   path: '/usr/local/lib/node_modules/handlebars',
56 error   fstream_type: 'Directory',
56 error   fstream_path: '/usr/local/lib/node_modules/handlebars',
56 error   fstream_class: 'DirWriter',
56 error   fstream_stack:
56 error    [ '/usr/local/lib/node_modules/npm/node_modules/fstream/lib/dir-writer.js:36:23',
56 error      '/usr/local/lib/node_modules/npm/node_modules/mkdirp/index.js:46:53',
56 error      'Object.oncomplete (fs.js:108:15)' ] }
57 error Please try running this command again as root/Administrator.
58 error System Darwin 13.3.0
59 error command "node" "/usr/local/bin/npm" "install" "handlebars@1.3" "-g"
60 error cwd /www/home/wwwroot/sites/thanos
61 error node -v v0.10.34
62 error npm -v 1.4.28
63 error path /usr/local/lib/node_modules/handlebars
64 error fstream_path /usr/local/lib/node_modules/handlebars
65 error fstream_type Directory
66 error fstream_class DirWriter
67 error code EACCES
68 error errno 3
69 error stack Error: EACCES, mkdir '/usr/local/lib/node_modules/handlebars'
70 error fstream_stack /usr/local/lib/node_modules/npm/node_modules/fstream/lib/dir-writer.js:36:23
70 error fstream_stack /usr/local/lib/node_modules/npm/node_modules/mkdirp/index.js:46:53
70 error fstream_stack Object.oncomplete (fs.js:108:15)
71 verbose exit [ 3, true ]
